This is pdfTeX, Version 3.14159265-2.6-1.40.19 (TeX Live 2019/dev/Debian) (preloaded format=pdflatex 2020.3.18)  1 APR 2020 14:44
entering extended mode
 \write18 enabled.
 %&-line parsing enabled.
**document.tex
(./document.tex
LaTeX2e <2018-12-01>
(./IEEEtran.cls
Document Class: IEEEtran 2015/08/26 V1.8b by Michael Shell
-- See the "IEEEtran_HOWTO" manual for usage information.
-- http://www.michaelshell.org/tex/ieeetran/
\@IEEEtrantmpdimenA=\dimen102
\@IEEEtrantmpdimenB=\dimen103
\@IEEEtrantmpdimenC=\dimen104
\@IEEEtrantmpcountA=\count80
\@IEEEtrantmpcountB=\count81
\@IEEEtrantmpcountC=\count82
\@IEEEtrantmptoksA=\toks14
LaTeX Font Info:    Try loading font information for OT1+ptm on input line 503.

(/usr/share/texlive/texmf-dist/tex/latex/psnfss/ot1ptm.fd
File: ot1ptm.fd 2001/06/04 font definitions for OT1/ptm.
)
-- Using 210mm x 297mm (a4) paper.
-- Using PDF output.
\@IEEEnormalsizeunitybaselineskip=\dimen105
-- This is an 11 point document.
\CLASSINFOnormalsizebaselineskip=\dimen106
\CLASSINFOnormalsizeunitybaselineskip=\dimen107
\IEEEnormaljot=\dimen108
LaTeX Font Info:    Font shape `OT1/ptm/bx/n' in size <6> not available
(Font)              Font shape `OT1/ptm/b/n' tried instead on input line 1090.
LaTeX Font Info:    Font shape `OT1/ptm/bx/it' in size <6> not available
(Font)              Font shape `OT1/ptm/b/it' tried instead on input line 1090.

LaTeX Font Info:    Font shape `OT1/ptm/bx/n' in size <8> not available
(Font)              Font shape `OT1/ptm/b/n' tried instead on input line 1090.
LaTeX Font Info:    Font shape `OT1/ptm/bx/it' in size <8> not available
(Font)              Font shape `OT1/ptm/b/it' tried instead on input line 1090.

LaTeX Font Info:    Font shape `OT1/ptm/bx/n' in size <9> not available
(Font)              Font shape `OT1/ptm/b/n' tried instead on input line 1090.
LaTeX Font Info:    Font shape `OT1/ptm/bx/it' in size <9> not available
(Font)              Font shape `OT1/ptm/b/it' tried instead on input line 1090.

LaTeX Font Info:    Font shape `OT1/ptm/bx/n' in size <10> not available
(Font)              Font shape `OT1/ptm/b/n' tried instead on input line 1090.
LaTeX Font Info:    Font shape `OT1/ptm/bx/it' in size <10> not available
(Font)              Font shape `OT1/ptm/b/it' tried instead on input line 1090.

LaTeX Font Info:    Font shape `OT1/ptm/bx/n' in size <11> not available
(Font)              Font shape `OT1/ptm/b/n' tried instead on input line 1090.
LaTeX Font Info:    Font shape `OT1/ptm/bx/it' in size <11> not available
(Font)              Font shape `OT1/ptm/b/it' tried instead on input line 1090.

LaTeX Font Info:    Font shape `OT1/ptm/bx/n' in size <12> not available
(Font)              Font shape `OT1/ptm/b/n' tried instead on input line 1090.
LaTeX Font Info:    Font shape `OT1/ptm/bx/it' in size <12> not available
(Font)              Font shape `OT1/ptm/b/it' tried instead on input line 1090.

LaTeX Font Info:    Font shape `OT1/ptm/bx/n' in size <17> not available
(Font)              Font shape `OT1/ptm/b/n' tried instead on input line 1090.
LaTeX Font Info:    Font shape `OT1/ptm/bx/it' in size <17> not available
(Font)              Font shape `OT1/ptm/b/it' tried instead on input line 1090.

LaTeX Font Info:    Font shape `OT1/ptm/bx/n' in size <20> not available
(Font)              Font shape `OT1/ptm/b/n' tried instead on input line 1090.
LaTeX Font Info:    Font shape `OT1/ptm/bx/it' in size <20> not available
(Font)              Font shape `OT1/ptm/b/it' tried instead on input line 1090.

LaTeX Font Info:    Font shape `OT1/ptm/bx/n' in size <24> not available
(Font)              Font shape `OT1/ptm/b/n' tried instead on input line 1090.
LaTeX Font Info:    Font shape `OT1/ptm/bx/it' in size <24> not available
(Font)              Font shape `OT1/ptm/b/it' tried instead on input line 1090.

\IEEEquantizedlength=\dimen109
\IEEEquantizedlengthdiff=\dimen110
\IEEEquantizedtextheightdiff=\dimen111
\IEEEilabelindentA=\dimen112
\IEEEilabelindentB=\dimen113
\IEEEilabelindent=\dimen114
\IEEEelabelindent=\dimen115
\IEEEdlabelindent=\dimen116
\IEEElabelindent=\dimen117
\IEEEiednormlabelsep=\dimen118
\IEEEiedmathlabelsep=\dimen119
\IEEEiedtopsep=\skip41
\c@section=\count83
\c@subsection=\count84
\c@subsubsection=\count85
\c@paragraph=\count86
\c@IEEEsubequation=\count87
\abovecaptionskip=\skip42
\belowcaptionskip=\skip43
\c@figure=\count88
\c@table=\count89
\@IEEEeqnnumcols=\count90
\@IEEEeqncolcnt=\count91
\@IEEEsubeqnnumrollback=\count92
\@IEEEquantizeheightA=\dimen120
\@IEEEquantizeheightB=\dimen121
\@IEEEquantizeheightC=\dimen122
\@IEEEquantizeprevdepth=\dimen123
\@IEEEquantizemultiple=\count93
\@IEEEquantizeboxA=\box27
\@IEEEtmpitemindent=\dimen124
\IEEEPARstartletwidth=\dimen125
\c@IEEEbiography=\count94
\@IEEEtranrubishbin=\box28
) (/usr/share/texlive/texmf-dist/tex/latex/base/inputenc.sty
Package: inputenc 2018/08/11 v1.3c Input encoding file
\inpenc@prehook=\toks15
\inpenc@posthook=\toks16
)
(/usr/share/texlive/texmf-dist/tex/generic/babel/babel.sty
Package: babel 2018/11/13 3.27 The Babel package

(/usr/share/texlive/texmf-dist/tex/generic/babel/switch.def
File: switch.def 2018/11/13 3.27 Babel switching mechanism
)
(/usr/share/texlive/texmf-dist/tex/generic/babel-english/english.ldf
Language: english 2017/06/06 v3.3r English support from the babel system

(/usr/share/texlive/texmf-dist/tex/generic/babel/babel.def
File: babel.def 2018/11/13 3.27 Babel common definitions
\babel@savecnt=\count95
\U@D=\dimen126

(/usr/share/texlive/texmf-dist/tex/generic/babel/txtbabel.def)
\bbl@dirlevel=\count96
)
\l@british = a dialect from \language\l@english 
\l@UKenglish = a dialect from \language\l@english 
\l@canadian = a dialect from \language\l@american 
\l@australian = a dialect from \language\l@british 
\l@newzealand = a dialect from \language\l@british 
)
(/usr/share/texlive/texmf-dist/tex/generic/babel-italian/italian.ldf
Language: italian 2019/01/05 v.1.4.01 Italian support for the babel system
\it@lettering=\count97
\it@doublequoteactive=\count98
\it@ISOcompliance=\count99
))
(/usr/share/texlive/texmf-dist/tex/latex/etoolbox/etoolbox.sty
Package: etoolbox 2018/08/19 v2.5f e-TeX tools for LaTeX (JAW)
\etb@tempcnta=\count100
)
(/usr/share/texlive/texmf-dist/tex/latex/lipsum/lipsum.sty
(/usr/share/texlive/texmf-dist/tex/latex/l3kernel/expl3.sty
Package: expl3 2019-02-15 L3 programming layer (loader) 

(/usr/share/texlive/texmf-dist/tex/latex/l3kernel/expl3-code.tex
Package: expl3 2019-02-15 L3 programming layer (code)
\c_max_int=\count101
\l_tmpa_int=\count102
\l_tmpb_int=\count103
\g_tmpa_int=\count104
\g_tmpb_int=\count105
\g__kernel_prg_map_int=\count106
\c_log_iow=\count107
\l_iow_line_count_int=\count108
\l__iow_line_target_int=\count109
\l__iow_one_indent_int=\count110
\l__iow_indent_int=\count111
\c_zero_dim=\dimen127
\c_max_dim=\dimen128
\l_tmpa_dim=\dimen129
\l_tmpb_dim=\dimen130
\g_tmpa_dim=\dimen131
\g_tmpb_dim=\dimen132
\c_zero_skip=\skip44
\c_max_skip=\skip45
\l_tmpa_skip=\skip46
\l_tmpb_skip=\skip47
\g_tmpa_skip=\skip48
\g_tmpb_skip=\skip49
\c_zero_muskip=\muskip10
\c_max_muskip=\muskip11
\l_tmpa_muskip=\muskip12
\l_tmpb_muskip=\muskip13
\g_tmpa_muskip=\muskip14
\g_tmpb_muskip=\muskip15
\l_keys_choice_int=\count112
\l__intarray_loop_int=\count113
\c__intarray_sp_dim=\dimen133
\g__intarray_font_int=\count114
\c__fp_leading_shift_int=\count115
\c__fp_middle_shift_int=\count116
\c__fp_trailing_shift_int=\count117
\c__fp_big_leading_shift_int=\count118
\c__fp_big_middle_shift_int=\count119
\c__fp_big_trailing_shift_int=\count120
\c__fp_Bigg_leading_shift_int=\count121
\c__fp_Bigg_middle_shift_int=\count122
\c__fp_Bigg_trailing_shift_int=\count123
\c__kernel_randint_max_int=\count124
\g__fp_array_int=\count125
\l__fp_array_loop_int=\count126
\l__sort_length_int=\count127
\l__sort_min_int=\count128
\l__sort_top_int=\count129
\l__sort_max_int=\count130
\l__sort_true_max_int=\count131
\l__sort_block_int=\count132
\l__sort_begin_int=\count133
\l__sort_end_int=\count134
\l__sort_A_int=\count135
\l__sort_B_int=\count136
\l__sort_C_int=\count137
\l__tl_analysis_normal_int=\count138
\l__tl_analysis_index_int=\count139
\l__tl_analysis_nesting_int=\count140
\l__tl_analysis_type_int=\count141
\l__regex_internal_a_int=\count142
\l__regex_internal_b_int=\count143
\l__regex_internal_c_int=\count144
\l__regex_balance_int=\count145
\l__regex_group_level_int=\count146
\l__regex_mode_int=\count147
\c__regex_cs_in_class_mode_int=\count148
\c__regex_cs_mode_int=\count149
\l__regex_catcodes_int=\count150
\l__regex_default_catcodes_int=\count151
\c__regex_catcode_D_int=\count152
\c__regex_catcode_S_int=\count153
\c__regex_catcode_L_int=\count154
\c__regex_catcode_O_int=\count155
\c__regex_catcode_A_int=\count156
\c__regex_all_catcodes_int=\count157
\l__regex_show_lines_int=\count158
\l__regex_min_state_int=\count159
\l__regex_max_state_int=\count160
\l__regex_left_state_int=\count161
\l__regex_right_state_int=\count162
\l__regex_capturing_group_int=\count163
\l__regex_min_pos_int=\count164
\l__regex_max_pos_int=\count165
\l__regex_curr_pos_int=\count166
\l__regex_start_pos_int=\count167
\l__regex_success_pos_int=\count168
\l__regex_curr_char_int=\count169
\l__regex_curr_catcode_int=\count170
\l__regex_last_char_int=\count171
\l__regex_case_changed_char_int=\count172
\l__regex_curr_state_int=\count173
\l__regex_step_int=\count174
\l__regex_min_active_int=\count175
\l__regex_max_active_int=\count176
\l__regex_replacement_csnames_int=\count177
\l__regex_match_count_int=\count178
\l__regex_min_submatch_int=\count179
\l__regex_submatch_int=\count180
\l__regex_zeroth_submatch_int=\count181
\g__regex_trace_regex_int=\count182
\c_empty_box=\box29
\l_tmpa_box=\box30
\l_tmpb_box=\box31
\g_tmpa_box=\box32
\g_tmpb_box=\box33
\l__box_top_dim=\dimen134
\l__box_bottom_dim=\dimen135
\l__box_left_dim=\dimen136
\l__box_right_dim=\dimen137
\l__box_top_new_dim=\dimen138
\l__box_bottom_new_dim=\dimen139
\l__box_left_new_dim=\dimen140
\l__box_right_new_dim=\dimen141
\l__box_internal_box=\box34
\l__coffin_internal_box=\box35
\l__coffin_internal_dim=\dimen142
\l__coffin_offset_x_dim=\dimen143
\l__coffin_offset_y_dim=\dimen144
\l__coffin_x_dim=\dimen145
\l__coffin_y_dim=\dimen146
\l__coffin_x_prime_dim=\dimen147
\l__coffin_y_prime_dim=\dimen148
\c_empty_coffin=\box36
\l__coffin_aligned_coffin=\box37
\l__coffin_aligned_internal_coffin=\box38
\l_tmpa_coffin=\box39
\l_tmpb_coffin=\box40
\g_tmpa_coffin=\box41
\g_tmpb_coffin=\box42
\c__coffin_empty_coffin=\box43
\l__coffin_display_coffin=\box44
\l__coffin_display_coord_coffin=\box45
\l__coffin_display_pole_coffin=\box46
\l__coffin_display_offset_dim=\dimen149
\l__coffin_display_x_dim=\dimen150
\l__coffin_display_y_dim=\dimen151
\g__file_internal_ior=\read1
\l__coffin_bounding_shift_dim=\dimen152
\l__coffin_left_corner_dim=\dimen153
\l__coffin_right_corner_dim=\dimen154
\l__coffin_bottom_corner_dim=\dimen155
\l__coffin_top_corner_dim=\dimen156
\l__coffin_scaled_total_height_dim=\dimen157
\l__coffin_scaled_width_dim=\dimen158
\l__seq_internal_a_int=\count183
\l__seq_internal_b_int=\count184
)
(/usr/share/texlive/texmf-dist/tex/latex/l3kernel/l3pdfmode.def
File: l3pdfmode.def 2019-02-15 v L3 Experimental driver: PDF mode
\l__driver_color_stack_int=\count185
))
(/usr/share/texlive/texmf-dist/tex/latex/l3packages/xparse/xparse.sty
Package: xparse 2018-10-17 L3 Experimental document command parser
\l__xparse_current_arg_int=\count186
\g__xparse_grabber_int=\count187
\l__xparse_m_args_int=\count188
\l__xparse_mandatory_args_int=\count189
\l__xparse_v_nesting_int=\count190
)
Package: lipsum 2019/01/02 v2.2 150 paragraphs of Lorem Ipsum dummy text

(/usr/share/texlive/texmf-dist/tex/latex/lipsum/lipsum.ltd.tex
File: lipsum.ltd.tex 2019/01/02 v2.2 The Lorem ipsum dummy text
))
(/usr/share/texlive/texmf-dist/tex/latex/tools/tabularx.sty
Package: tabularx 2016/02/03 v2.11b `tabularx' package (DPC)

(/usr/share/texlive/texmf-dist/tex/latex/tools/array.sty
Package: array 2018/12/30 v2.4k Tabular extension package (FMi)
\col@sep=\dimen159
\ar@mcellbox=\box47
\extrarowheight=\dimen160
\NC@list=\toks17
\extratabsurround=\skip50
\backup@length=\skip51
\ar@cellbox=\box48
)
\TX@col@width=\dimen161
\TX@old@table=\dimen162
\TX@old@col=\dimen163
\TX@target=\dimen164
\TX@delta=\dimen165
\TX@cols=\count191
\TX@ftn=\toks18
)
(/usr/share/texlive/texmf-dist/tex/latex/booktabs/booktabs.sty
Package: booktabs 2016/04/27 v1.618033 publication quality tables
\heavyrulewidth=\dimen166
\lightrulewidth=\dimen167
\cmidrulewidth=\dimen168
\belowrulesep=\dimen169
\belowbottomsep=\dimen170
\aboverulesep=\dimen171
\abovetopsep=\dimen172
\cmidrulesep=\dimen173
\cmidrulekern=\dimen174
\defaultaddspace=\dimen175
\@cmidla=\count192
\@cmidlb=\count193
\@aboverulesep=\dimen176
\@belowrulesep=\dimen177
\@thisruleclass=\count194
\@lastruleclass=\count195
\@thisrulewidth=\dimen178
)
(/usr/share/texlive/texmf-dist/tex/latex/amsmath/amsmath.sty
Package: amsmath 2018/12/01 v2.17b AMS math features
\@mathmargin=\skip52

For additional information on amsmath, use the `?' option.
(/usr/share/texlive/texmf-dist/tex/latex/amsmath/amstext.sty
Package: amstext 2000/06/29 v2.01 AMS text

(/usr/share/texlive/texmf-dist/tex/latex/amsmath/amsgen.sty
File: amsgen.sty 1999/11/30 v2.0 generic functions
\@emptytoks=\toks19
\ex@=\dimen179
))
(/usr/share/texlive/texmf-dist/tex/latex/amsmath/amsbsy.sty
Package: amsbsy 1999/11/29 v1.2d Bold Symbols
\pmbraise@=\dimen180
)
(/usr/share/texlive/texmf-dist/tex/latex/amsmath/amsopn.sty
Package: amsopn 2016/03/08 v2.02 operator names
)
\inf@bad=\count196
LaTeX Info: Redefining \frac on input line 223.
\uproot@=\count197
\leftroot@=\count198
LaTeX Info: Redefining \overline on input line 385.
\classnum@=\count199
\DOTSCASE@=\count266
LaTeX Info: Redefining \ldots on input line 482.
LaTeX Info: Redefining \dots on input line 485.
LaTeX Info: Redefining \cdots on input line 606.
\Mathstrutbox@=\box49
\strutbox@=\box50
\big@size=\dimen181
LaTeX Font Info:    Redeclaring font encoding OML on input line 729.
LaTeX Font Info:    Redeclaring font encoding OMS on input line 730.
\macc@depth=\count267
\c@MaxMatrixCols=\count268
\dotsspace@=\muskip16
\c@parentequation=\count269
\dspbrk@lvl=\count270
\tag@help=\toks20
\row@=\count271
\column@=\count272
\maxfields@=\count273
\andhelp@=\toks21
\eqnshift@=\dimen182
\alignsep@=\dimen183
\tagshift@=\dimen184
\tagwidth@=\dimen185
\totwidth@=\dimen186
\lineht@=\dimen187
\@envbody=\toks22
\multlinegap=\skip53
\multlinetaggap=\skip54
\mathdisplay@stack=\toks23
LaTeX Info: Redefining \[ on input line 2844.
LaTeX Info: Redefining \] on input line 2845.
)
(/usr/share/texlive/texmf-dist/tex/latex/amsfonts/amsfonts.sty
Package: amsfonts 2013/01/14 v3.01 Basic AMSFonts support
\symAMSa=\mathgroup4
\symAMSb=\mathgroup5
LaTeX Font Info:    Overwriting math alphabet `\mathfrak' in version `bold'
(Font)                  U/euf/m/n --> U/euf/b/n on input line 106.
)
(/usr/share/texlive/texmf-dist/tex/latex/caption/caption.sty
Package: caption 2018/10/06 v3.3-154 Customizing captions (AR)

(/usr/share/texlive/texmf-dist/tex/latex/caption/caption3.sty
Package: caption3 2018/09/12 v1.8c caption3 kernel (AR)
Package caption3 Info: TeX engine: e-TeX on input line 64.

(/usr/share/texlive/texmf-dist/tex/latex/graphics/keyval.sty
Package: keyval 2014/10/28 v1.15 key=value parser (DPC)
\KV@toks@=\toks24
)
\captionmargin=\dimen188
\captionmargin@=\dimen189
\captionwidth=\dimen190
\caption@tempdima=\dimen191
\caption@indent=\dimen192
\caption@parindent=\dimen193
\caption@hangindent=\dimen194
Package caption Info: Unknown document class (or package),
(caption)             standard defaults will be used.
)

Package caption Warning: Unsupported document class (or package) detected,
(caption)                usage of the caption package is not recommended.
See the caption package documentation for explanation.

Package caption Info: \@makecaption = \long macro:#1#2->\ifx \@captype \@IEEEta
blestring \footnotesize \bgroup \par \centering \@IEEEtabletopskipstrut {\norma
lfont \footnotesize #1}\\{\normalfont \footnotesize \scshape #2}\par \addvspace
 {0.5\baselineskip }\egroup \@IEEEtablecaptionsepspace \else \@IEEEfigurecaptio
nsepspace \setbox \@tempboxa \hbox {\normalfont \footnotesize {#1.}\nobreakspac
e \nobreakspace #2}\ifdim \wd \@tempboxa >\hsize \setbox \@tempboxa \hbox {\nor
malfont \footnotesize {#1.}\nobreakspace \nobreakspace }\parbox [t]{\hsize }{\n
ormalfont \footnotesize \noindent \unhbox \@tempboxa #2}\else \ifCLASSOPTIONcon
ference \hbox to\hsize {\normalfont \footnotesize \hfil \box \@tempboxa \hfil }
\else \hbox to\hsize {\normalfont \footnotesize \box \@tempboxa \hfil }\fi \fi 
\fi .
\c@caption@flags=\count274
\c@ContinuedFloat=\count275
) (/usr/share/texlive/texmf-dist/tex/latex/pdfpages/pdfpages.sty
Package: pdfpages 2017/10/31 v0.5l Insert pages of external PDF documents (AM)

(/usr/share/texlive/texmf-dist/tex/latex/base/ifthen.sty
Package: ifthen 2014/09/29 v1.1c Standard LaTeX ifthen package (DPC)
)
(/usr/share/texlive/texmf-dist/tex/latex/tools/calc.sty
Package: calc 2017/05/25 v4.3 Infix arithmetic (KKT,FJ)
\calc@Acount=\count276
\calc@Bcount=\count277
\calc@Adimen=\dimen195
\calc@Bdimen=\dimen196
\calc@Askip=\skip55
\calc@Bskip=\skip56
LaTeX Info: Redefining \setlength on input line 80.
LaTeX Info: Redefining \addtolength on input line 81.
\calc@Ccount=\count278
\calc@Cskip=\skip57
)
(/usr/share/texlive/texmf-dist/tex/latex/eso-pic/eso-pic.sty
Package: eso-pic 2018/04/12 v2.0h eso-pic (RN)

(/usr/share/texlive/texmf-dist/tex/generic/oberdiek/atbegshi.sty
Package: atbegshi 2016/06/09 v1.18 At begin shipout hook (HO)

(/usr/share/texlive/texmf-dist/tex/generic/oberdiek/infwarerr.sty
Package: infwarerr 2016/05/16 v1.4 Providing info/warning/error messages (HO)
)
(/usr/share/texlive/texmf-dist/tex/generic/oberdiek/ltxcmds.sty
Package: ltxcmds 2016/05/16 v1.23 LaTeX kernel commands for general use (HO)
)
(/usr/share/texlive/texmf-dist/tex/generic/oberdiek/ifpdf.sty
Package: ifpdf 2018/09/07 v3.3 Provides the ifpdf switch
))
(/usr/share/texlive/texmf-dist/tex/latex/xcolor/xcolor.sty
Package: xcolor 2016/05/11 v2.12 LaTeX color extensions (UK)

(/usr/share/texlive/texmf-dist/tex/latex/graphics-cfg/color.cfg
File: color.cfg 2016/01/02 v1.6 sample color configuration
)
Package xcolor Info: Driver file: pdftex.def on input line 225.

(/usr/share/texlive/texmf-dist/tex/latex/graphics-def/pdftex.def
File: pdftex.def 2018/01/08 v1.0l Graphics/color driver for pdftex
)
Package xcolor Info: Model `cmy' substituted by `cmy0' on input line 1348.
Package xcolor Info: Model `hsb' substituted by `rgb' on input line 1352.
Package xcolor Info: Model `RGB' extended on input line 1364.
Package xcolor Info: Model `HTML' substituted by `rgb' on input line 1366.
Package xcolor Info: Model `Hsb' substituted by `hsb' on input line 1367.
Package xcolor Info: Model `tHsb' substituted by `hsb' on input line 1368.
Package xcolor Info: Model `HSB' substituted by `hsb' on input line 1369.
Package xcolor Info: Model `Gray' substituted by `gray' on input line 1370.
Package xcolor Info: Model `wave' substituted by `hsb' on input line 1371.
))
(/usr/share/texlive/texmf-dist/tex/latex/graphics/graphicx.sty
Package: graphicx 2017/06/01 v1.1a Enhanced LaTeX Graphics (DPC,SPQR)

(/usr/share/texlive/texmf-dist/tex/latex/graphics/graphics.sty
Package: graphics 2017/06/25 v1.2c Standard LaTeX Graphics (DPC,SPQR)

(/usr/share/texlive/texmf-dist/tex/latex/graphics/trig.sty
Package: trig 2016/01/03 v1.10 sin cos tan (DPC)
)
(/usr/share/texlive/texmf-dist/tex/latex/graphics-cfg/graphics.cfg
File: graphics.cfg 2016/06/04 v1.11 sample graphics configuration
)
Package graphics Info: Driver file: pdftex.def on input line 99.
)
\Gin@req@height=\dimen197
\Gin@req@width=\dimen198
)
\AM@pagewidth=\dimen199
\AM@pageheight=\dimen256

(/usr/share/texlive/texmf-dist/tex/latex/pdfpages/pppdftex.def
File: pppdftex.def 2017/10/31 v0.5l Pdfpages driver for pdfTeX (AM)
)
\AM@pagebox=\box51
\AM@global@opts=\toks25
\AM@toc@title=\toks26
\c@AM@survey=\count279
\AM@templatesizebox=\box52
)
(/usr/share/texlive/texmf-dist/tex/latex/geometry/geometry.sty
Package: geometry 2018/04/16 v5.8 Page Geometry

(/usr/share/texlive/texmf-dist/tex/generic/oberdiek/ifvtex.sty
Package: ifvtex 2016/05/16 v1.6 Detect VTeX and its facilities (HO)
Package ifvtex Info: VTeX not detected.
)
(/usr/share/texlive/texmf-dist/tex/generic/ifxetex/ifxetex.sty
Package: ifxetex 2010/09/12 v0.6 Provides ifxetex conditional
)
\Gm@cnth=\count280
\Gm@cntv=\count281
\c@Gm@tempcnt=\count282
\Gm@bindingoffset=\dimen257
\Gm@wd@mp=\dimen258
\Gm@odd@mp=\dimen259
\Gm@even@mp=\dimen260
\Gm@layoutwidth=\dimen261
\Gm@layoutheight=\dimen262
\Gm@layouthoffset=\dimen263
\Gm@layoutvoffset=\dimen264
\Gm@dimlist=\toks27
)
(/usr/share/texlive/texmf-dist/tex/latex/listings/listings.sty
\lst@mode=\count283
\lst@gtempboxa=\box53
\lst@token=\toks28
\lst@length=\count284
\lst@currlwidth=\dimen265
\lst@column=\count285
\lst@pos=\count286
\lst@lostspace=\dimen266
\lst@width=\dimen267
\lst@newlines=\count287
\lst@lineno=\count288
\lst@maxwidth=\dimen268

(/usr/share/texlive/texmf-dist/tex/latex/listings/lstmisc.sty
File: lstmisc.sty 2018/09/02 1.7 (Carsten Heinz)
\c@lstnumber=\count289
\lst@skipnumbers=\count290
\lst@framebox=\box54
)
(/usr/share/texlive/texmf-dist/tex/latex/listings/listings.cfg
File: listings.cfg 2018/09/02 1.7 listings configuration
))
Package: listings 2018/09/02 1.7 (Carsten Heinz)

(/usr/share/texlive/texmf-dist/tex/latex/amsfonts/amssymb.sty
Package: amssymb 2013/01/14 v3.01 AMS font symbols
)
(/usr/share/texlive/texmf-dist/tex/latex/hyperref/hyperref.sty
Package: hyperref 2018/11/30 v6.88e Hypertext links for LaTeX

(/usr/share/texlive/texmf-dist/tex/generic/oberdiek/hobsub-hyperref.sty
Package: hobsub-hyperref 2016/05/16 v1.14 Bundle oberdiek, subset hyperref (HO)


(/usr/share/texlive/texmf-dist/tex/generic/oberdiek/hobsub-generic.sty
Package: hobsub-generic 2016/05/16 v1.14 Bundle oberdiek, subset generic (HO)
Package: hobsub 2016/05/16 v1.14 Construct package bundles (HO)
Package hobsub Info: Skipping package `infwarerr' (already loaded).
Package hobsub Info: Skipping package `ltxcmds' (already loaded).
Package: ifluatex 2016/05/16 v1.4 Provides the ifluatex switch (HO)
Package ifluatex Info: LuaTeX not detected.
Package hobsub Info: Skipping package `ifvtex' (already loaded).
Package: intcalc 2016/05/16 v1.2 Expandable calculations with integers (HO)
Package hobsub Info: Skipping package `ifpdf' (already loaded).
Package: etexcmds 2016/05/16 v1.6 Avoid name clashes with e-TeX commands (HO)
Package: kvsetkeys 2016/05/16 v1.17 Key value parser (HO)
Package: kvdefinekeys 2016/05/16 v1.4 Define keys (HO)
Package: pdftexcmds 2018/09/10 v0.29 Utility functions of pdfTeX for LuaTeX (HO
)
Package pdftexcmds Info: LuaTeX not detected.
Package pdftexcmds Info: \pdf@primitive is available.
Package pdftexcmds Info: \pdf@ifprimitive is available.
Package pdftexcmds Info: \pdfdraftmode found.
Package: pdfescape 2016/05/16 v1.14 Implements pdfTeX's escape features (HO)
Package: bigintcalc 2016/05/16 v1.4 Expandable calculations on big integers (HO
)
Package: bitset 2016/05/16 v1.2 Handle bit-vector datatype (HO)
Package: uniquecounter 2016/05/16 v1.3 Provide unlimited unique counter (HO)
)
Package hobsub Info: Skipping package `hobsub' (already loaded).
Package: letltxmacro 2016/05/16 v1.5 Let assignment for LaTeX macros (HO)
Package: hopatch 2016/05/16 v1.3 Wrapper for package hooks (HO)
Package: xcolor-patch 2016/05/16 xcolor patch
Package: atveryend 2016/05/16 v1.9 Hooks at the very end of document (HO)
Package hobsub Info: Skipping package `atbegshi' (already loaded).
Package: refcount 2016/05/16 v3.5 Data extraction from label references (HO)
Package: hycolor 2016/05/16 v1.8 Color options for hyperref/bookmark (HO)
)
(/usr/share/texlive/texmf-dist/tex/latex/oberdiek/auxhook.sty
Package: auxhook 2016/05/16 v1.4 Hooks for auxiliary files (HO)
)
(/usr/share/texlive/texmf-dist/tex/latex/oberdiek/kvoptions.sty
Package: kvoptions 2016/05/16 v3.12 Key value format for package options (HO)
)
\@linkdim=\dimen269
\Hy@linkcounter=\count291
\Hy@pagecounter=\count292

(/usr/share/texlive/texmf-dist/tex/latex/hyperref/pd1enc.def
File: pd1enc.def 2018/11/30 v6.88e Hyperref: PDFDocEncoding definition (HO)
Now handling font encoding PD1 ...
... no UTF-8 mapping file for font encoding PD1
)
\Hy@SavedSpaceFactor=\count293

(/usr/share/texlive/texmf-dist/tex/latex/latexconfig/hyperref.cfg
File: hyperref.cfg 2002/06/06 v1.2 hyperref configuration of TeXLive
)
Package hyperref Info: Hyper figures OFF on input line 4519.
Package hyperref Info: Link nesting OFF on input line 4524.
Package hyperref Info: Hyper index ON on input line 4527.
Package hyperref Info: Plain pages OFF on input line 4534.
Package hyperref Info: Backreferencing OFF on input line 4539.
Package hyperref Info: Implicit mode ON; LaTeX internals redefined.
Package hyperref Info: Bookmarks ON on input line 4772.
\c@Hy@tempcnt=\count294

(/usr/share/texlive/texmf-dist/tex/latex/url/url.sty
\Urlmuskip=\muskip17
Package: url 2013/09/16  ver 3.4  Verb mode for urls, etc.
)
LaTeX Info: Redefining \url on input line 5125.
\XeTeXLinkMargin=\dimen270
\Fld@menulength=\count295
\Field@Width=\dimen271
\Fld@charsize=\dimen272
Package hyperref Info: Hyper figures OFF on input line 6380.
Package hyperref Info: Link nesting OFF on input line 6385.
Package hyperref Info: Hyper index ON on input line 6388.
Package hyperref Info: backreferencing OFF on input line 6395.
Package hyperref Info: Link coloring OFF on input line 6400.
Package hyperref Info: Link coloring with OCG OFF on input line 6405.
Package hyperref Info: PDF/A mode OFF on input line 6410.
LaTeX Info: Redefining \ref on input line 6450.
LaTeX Info: Redefining \pageref on input line 6454.
\Hy@abspage=\count296
\c@Item=\count297
\c@Hfootnote=\count298
)
Package hyperref Info: Driver (autodetected): hpdftex.

(/usr/share/texlive/texmf-dist/tex/latex/hyperref/hpdftex.def
File: hpdftex.def 2018/11/30 v6.88e Hyperref driver for pdfTeX
\Fld@listcount=\count299
\c@bookmark@seq@number=\count300

(/usr/share/texlive/texmf-dist/tex/latex/oberdiek/rerunfilecheck.sty
Package: rerunfilecheck 2016/05/16 v1.8 Rerun checks for auxiliary files (HO)
Package uniquecounter Info: New unique counter `rerunfilecheck' on input line 2
82.
)
\Hy@SectionHShift=\skip58
)
(/usr/share/texlive/texmf-dist/tex/latex/svg/svg.sty
Package: svg 2018/11/12 v2.02b (include SVG pictures)

(/usr/share/texlive/texmf-dist/tex/latex/koma-script/scrbase.sty
Package: scrbase 2019/02/01 v3.26b KOMA-Script package (KOMA-Script-independent
 basics and keyval usage)

(/usr/share/texlive/texmf-dist/tex/latex/koma-script/scrlfile.sty
Package: scrlfile 2019/02/01 v3.26b KOMA-Script package (loading files)
))
(/usr/share/texlive/texmf-dist/tex/latex/tools/shellesc.sty
Package: shellesc 2016/06/07 v0.02a unified shell escape interface for LaTeX
Package shellesc Info: Unrestricted shell escape enabled on input line 67.
)
(/usr/share/texlive/texmf-dist/tex/latex/trimspaces/trimspaces.sty
Package: trimspaces 2009/09/17 v1.1 Trim spaces around a token list
)
\svg@box=\box55
\c@svg@param@lastpage=\count301
\c@svg@param@currpage=\count302

(/usr/share/texlive/texmf-dist/tex/latex/ifplatform/ifplatform.sty
Package: ifplatform 2017/10/13 v0.4a Testing for the operating system

(/usr/share/texlive/texmf-dist/tex/generic/oberdiek/catchfile.sty
Package: catchfile 2016/05/16 v1.7 Catch the contents of a file (HO)
)
runsystem(uname -s > "document.w18")...executed.


(./document.w18)
runsystem(rm -- "document.w18")...executed.

))
(/usr/share/texlive/texmf-dist/tex/latex/oberdiek/transparent.sty
Package: transparent 2018/11/18 v1.3 Transparency via pdfTeX's color stack (HO)

)
(/usr/share/texlive/texmf-dist/tex/latex/pgf/basiclayer/pgf.sty
(/usr/share/texlive/texmf-dist/tex/latex/pgf/utilities/pgfrcs.sty
(/usr/share/texlive/texmf-dist/tex/generic/pgf/utilities/pgfutil-common.tex
\pgfutil@everybye=\toks29
\pgfutil@tempdima=\dimen273
\pgfutil@tempdimb=\dimen274

(/usr/share/texlive/texmf-dist/tex/generic/pgf/utilities/pgfutil-common-lists.t
ex)) (/usr/share/texlive/texmf-dist/tex/generic/pgf/utilities/pgfutil-latex.def
\pgfutil@abb=\box56
(/usr/share/texlive/texmf-dist/tex/latex/ms/everyshi.sty
Package: everyshi 2001/05/15 v3.00 EveryShipout Package (MS)
))
(/usr/share/texlive/texmf-dist/tex/generic/pgf/utilities/pgfrcs.code.tex
(/usr/share/texlive/texmf-dist/tex/generic/pgf/pgf.revision.tex)
Package: pgfrcs 2019/02/02 v3.1.1 (3.1.1)
))
Package: pgf 2019/02/02 v3.1.1 (3.1.1)

(/usr/share/texlive/texmf-dist/tex/latex/pgf/basiclayer/pgfcore.sty
(/usr/share/texlive/texmf-dist/tex/latex/pgf/systemlayer/pgfsys.sty
(/usr/share/texlive/texmf-dist/tex/generic/pgf/systemlayer/pgfsys.code.tex
Package: pgfsys 2019/02/02 v3.1.1 (3.1.1)

(/usr/share/texlive/texmf-dist/tex/generic/pgf/utilities/pgfkeys.code.tex
\pgfkeys@pathtoks=\toks30
\pgfkeys@temptoks=\toks31

(/usr/share/texlive/texmf-dist/tex/generic/pgf/utilities/pgfkeysfiltered.code.t
ex
\pgfkeys@tmptoks=\toks32
))
\pgf@x=\dimen275
\pgf@y=\dimen276
\pgf@xa=\dimen277
\pgf@ya=\dimen278
\pgf@xb=\dimen279
\pgf@yb=\dimen280
\pgf@xc=\dimen281
\pgf@yc=\dimen282
\w@pgf@writea=\write3
\r@pgf@reada=\read2
\c@pgf@counta=\count303
\c@pgf@countb=\count304
\c@pgf@countc=\count305
\c@pgf@countd=\count306
\t@pgf@toka=\toks33
\t@pgf@tokb=\toks34
\t@pgf@tokc=\toks35
\pgf@sys@id@count=\count307
 (/usr/share/texlive/texmf-dist/tex/generic/pgf/systemlayer/pgf.cfg
File: pgf.cfg 2019/02/02 v3.1.1 (3.1.1)
)
Driver file for pgf: pgfsys-pdftex.def

(/usr/share/texlive/texmf-dist/tex/generic/pgf/systemlayer/pgfsys-pdftex.def
File: pgfsys-pdftex.def 2019/02/02 v3.1.1 (3.1.1)

(/usr/share/texlive/texmf-dist/tex/generic/pgf/systemlayer/pgfsys-common-pdf.de
f
File: pgfsys-common-pdf.def 2019/02/02 v3.1.1 (3.1.1)
)))
(/usr/share/texlive/texmf-dist/tex/generic/pgf/systemlayer/pgfsyssoftpath.code.
tex
File: pgfsyssoftpath.code.tex 2019/02/02 v3.1.1 (3.1.1)
\pgfsyssoftpath@smallbuffer@items=\count308
\pgfsyssoftpath@bigbuffer@items=\count309
)
(/usr/share/texlive/texmf-dist/tex/generic/pgf/systemlayer/pgfsysprotocol.code.
tex
File: pgfsysprotocol.code.tex 2019/02/02 v3.1.1 (3.1.1)
))
(/usr/share/texlive/texmf-dist/tex/generic/pgf/basiclayer/pgfcore.code.tex
Package: pgfcore 2019/02/02 v3.1.1 (3.1.1)

(/usr/share/texlive/texmf-dist/tex/generic/pgf/math/pgfmath.code.tex
(/usr/share/texlive/texmf-dist/tex/generic/pgf/math/pgfmathcalc.code.tex
(/usr/share/texlive/texmf-dist/tex/generic/pgf/math/pgfmathutil.code.tex)
(/usr/share/texlive/texmf-dist/tex/generic/pgf/math/pgfmathparser.code.tex
\pgfmath@dimen=\dimen283
\pgfmath@count=\count310
\pgfmath@box=\box57
\pgfmath@toks=\toks36
\pgfmath@stack@operand=\toks37
\pgfmath@stack@operation=\toks38
)
(/usr/share/texlive/texmf-dist/tex/generic/pgf/math/pgfmathfunctions.code.tex
(/usr/share/texlive/texmf-dist/tex/generic/pgf/math/pgfmathfunctions.basic.code
.tex)
(/usr/share/texlive/texmf-dist/tex/generic/pgf/math/pgfmathfunctions.trigonomet
ric.code.tex)
(/usr/share/texlive/texmf-dist/tex/generic/pgf/math/pgfmathfunctions.random.cod
e.tex)
(/usr/share/texlive/texmf-dist/tex/generic/pgf/math/pgfmathfunctions.comparison
.code.tex)
(/usr/share/texlive/texmf-dist/tex/generic/pgf/math/pgfmathfunctions.base.code.
tex)
(/usr/share/texlive/texmf-dist/tex/generic/pgf/math/pgfmathfunctions.round.code
.tex)
(/usr/share/texlive/texmf-dist/tex/generic/pgf/math/pgfmathfunctions.misc.code.
tex)
(/usr/share/texlive/texmf-dist/tex/generic/pgf/math/pgfmathfunctions.integerari
thmetics.code.tex)))
(/usr/share/texlive/texmf-dist/tex/generic/pgf/math/pgfmathfloat.code.tex
\c@pgfmathroundto@lastzeros=\count311
))
(/usr/share/texlive/texmf-dist/tex/generic/pgf/basiclayer/pgfcorepoints.code.te
x
File: pgfcorepoints.code.tex 2019/02/02 v3.1.1 (3.1.1)
\pgf@picminx=\dimen284
\pgf@picmaxx=\dimen285
\pgf@picminy=\dimen286
\pgf@picmaxy=\dimen287
\pgf@pathminx=\dimen288
\pgf@pathmaxx=\dimen289
\pgf@pathminy=\dimen290
\pgf@pathmaxy=\dimen291
\pgf@xx=\dimen292
\pgf@xy=\dimen293
\pgf@yx=\dimen294
\pgf@yy=\dimen295
\pgf@zx=\dimen296
\pgf@zy=\dimen297
)
(/usr/share/texlive/texmf-dist/tex/generic/pgf/basiclayer/pgfcorepathconstruct.
code.tex
File: pgfcorepathconstruct.code.tex 2019/02/02 v3.1.1 (3.1.1)
\pgf@path@lastx=\dimen298
\pgf@path@lasty=\dimen299
)
(/usr/share/texlive/texmf-dist/tex/generic/pgf/basiclayer/pgfcorepathusage.code
.tex
File: pgfcorepathusage.code.tex 2019/02/02 v3.1.1 (3.1.1)
\pgf@shorten@end@additional=\dimen300
\pgf@shorten@start@additional=\dimen301
)
(/usr/share/texlive/texmf-dist/tex/generic/pgf/basiclayer/pgfcorescopes.code.te
x
File: pgfcorescopes.code.tex 2019/02/02 v3.1.1 (3.1.1)
\pgfpic=\box58
\pgf@hbox=\box59
\pgf@layerbox@main=\box60
\pgf@picture@serial@count=\count312
)
(/usr/share/texlive/texmf-dist/tex/generic/pgf/basiclayer/pgfcoregraphicstate.c
ode.tex
File: pgfcoregraphicstate.code.tex 2019/02/02 v3.1.1 (3.1.1)
\pgflinewidth=\dimen302
)
(/usr/share/texlive/texmf-dist/tex/generic/pgf/basiclayer/pgfcoretransformation
s.code.tex
File: pgfcoretransformations.code.tex 2019/02/02 v3.1.1 (3.1.1)
\pgf@pt@x=\dimen303
\pgf@pt@y=\dimen304
\pgf@pt@temp=\dimen305
)
(/usr/share/texlive/texmf-dist/tex/generic/pgf/basiclayer/pgfcorequick.code.tex
File: pgfcorequick.code.tex 2019/02/02 v3.1.1 (3.1.1)
)
(/usr/share/texlive/texmf-dist/tex/generic/pgf/basiclayer/pgfcoreobjects.code.t
ex
File: pgfcoreobjects.code.tex 2019/02/02 v3.1.1 (3.1.1)
)
(/usr/share/texlive/texmf-dist/tex/generic/pgf/basiclayer/pgfcorepathprocessing
.code.tex
File: pgfcorepathprocessing.code.tex 2019/02/02 v3.1.1 (3.1.1)
)
(/usr/share/texlive/texmf-dist/tex/generic/pgf/basiclayer/pgfcorearrows.code.te
x
File: pgfcorearrows.code.tex 2019/02/02 v3.1.1 (3.1.1)
\pgfarrowsep=\dimen306
)
(/usr/share/texlive/texmf-dist/tex/generic/pgf/basiclayer/pgfcoreshade.code.tex
File: pgfcoreshade.code.tex 2019/02/02 v3.1.1 (3.1.1)
\pgf@max=\dimen307
\pgf@sys@shading@range@num=\count313
)
(/usr/share/texlive/texmf-dist/tex/generic/pgf/basiclayer/pgfcoreimage.code.tex
File: pgfcoreimage.code.tex 2019/02/02 v3.1.1 (3.1.1)

(/usr/share/texlive/texmf-dist/tex/generic/pgf/basiclayer/pgfcoreexternal.code.
tex
File: pgfcoreexternal.code.tex 2019/02/02 v3.1.1 (3.1.1)
\pgfexternal@startupbox=\box61
))
(/usr/share/texlive/texmf-dist/tex/generic/pgf/basiclayer/pgfcorelayers.code.te
x
File: pgfcorelayers.code.tex 2019/02/02 v3.1.1 (3.1.1)
)
(/usr/share/texlive/texmf-dist/tex/generic/pgf/basiclayer/pgfcoretransparency.c
ode.tex
File: pgfcoretransparency.code.tex 2019/02/02 v3.1.1 (3.1.1)
)
(/usr/share/texlive/texmf-dist/tex/generic/pgf/basiclayer/pgfcorepatterns.code.
tex
File: pgfcorepatterns.code.tex 2019/02/02 v3.1.1 (3.1.1)
)
(/usr/share/texlive/texmf-dist/tex/generic/pgf/basiclayer/pgfcorerdf.code.tex
File: pgfcorerdf.code.tex 2019/02/02 v3.1.1 (3.1.1)
)))
(/usr/share/texlive/texmf-dist/tex/generic/pgf/modules/pgfmoduleshapes.code.tex
File: pgfmoduleshapes.code.tex 2019/02/02 v3.1.1 (3.1.1)
\pgfnodeparttextbox=\box62
) (/usr/share/texlive/texmf-dist/tex/generic/pgf/modules/pgfmoduleplot.code.tex
File: pgfmoduleplot.code.tex 2019/02/02 v3.1.1 (3.1.1)
)
(/usr/share/texlive/texmf-dist/tex/latex/pgf/compatibility/pgfcomp-version-0-65
.sty
Package: pgfcomp-version-0-65 2019/02/02 v3.1.1 (3.1.1)
\pgf@nodesepstart=\dimen308
\pgf@nodesepend=\dimen309
)
(/usr/share/texlive/texmf-dist/tex/latex/pgf/compatibility/pgfcomp-version-1-18
.sty
Package: pgfcomp-version-1-18 2019/02/02 v3.1.1 (3.1.1)
)) (/usr/share/texlive/texmf-dist/tex/latex/cancel/cancel.sty
Package: cancel 2013/04/12 v2.2 Cancel math terms
)
\c@algoritmo=\count314

(./document.aux)
\openout1 = `document.aux'.

LaTeX Font Info:    Checking defaults for OML/cmm/m/it on input line 40.
LaTeX Font Info:    ... okay on input line 40.
LaTeX Font Info:    Checking defaults for T1/cmr/m/n on input line 40.
LaTeX Font Info:    ... okay on input line 40.
LaTeX Font Info:    Checking defaults for OT1/cmr/m/n on input line 40.
LaTeX Font Info:    ... okay on input line 40.
LaTeX Font Info:    Checking defaults for OMS/cmsy/m/n on input line 40.
LaTeX Font Info:    ... okay on input line 40.
LaTeX Font Info:    Checking defaults for OMX/cmex/m/n on input line 40.
LaTeX Font Info:    ... okay on input line 40.
LaTeX Font Info:    Checking defaults for U/cmr/m/n on input line 40.
LaTeX Font Info:    ... okay on input line 40.
LaTeX Font Info:    Checking defaults for PD1/pdf/m/n on input line 40.
LaTeX Font Info:    ... okay on input line 40.

-- Lines per column: 52 (approximate, difference = 6.784pt).
LaTeX Info: Redefining \it@ocap on input line 40.
LaTeX Info: Redefining \it@ccap on input line 40.

File italian.ldf warning: 
italian.ldf    With OT1 encoding guillemets are poorly faked
italian.ldf    Use T1 encoding
italian.ldf    or specify a font with command \CaporaliFrom
italian.ldf    See the documentation concerning the babel-italian typesetting 
italian.ldf    on input line 40.

Package caption Info: Begin \AtBeginDocument code.
Package caption Info: hyperref package is loaded.
Package caption Info: listings package is loaded.
Package caption Info: End \AtBeginDocument code.
\AtBeginShipoutBox=\box63
(/usr/share/texlive/texmf-dist/tex/context/base/mkii/supp-pdf.mkii
[Loading MPS to PDF converter (version 2006.09.02).]
\scratchcounter=\count315
\scratchdimen=\dimen310
\scratchbox=\box64
\nofMPsegments=\count316
\nofMParguments=\count317
\everyMPshowfont=\toks39
\MPscratchCnt=\count318
\MPscratchDim=\dimen311
\MPnumerator=\count319
\makeMPintoPDFobject=\count320
\everyMPtoPDFconversion=\toks40
) (/usr/share/texlive/texmf-dist/tex/latex/oberdiek/epstopdf-base.sty
Package: epstopdf-base 2016/05/15 v2.6 Base part for package epstopdf

(/usr/share/texlive/texmf-dist/tex/latex/oberdiek/grfext.sty
Package: grfext 2016/05/16 v1.2 Manage graphics extensions (HO)
)
Package epstopdf-base Info: Redefining graphics rule for `.eps' on input line 4
38.
Package grfext Info: Graphics extension search list:
(grfext)             [.pdf,.png,.jpg,.mps,.jpeg,.jbig2,.jb2,.PDF,.PNG,.JPG,.JPE
G,.JBIG2,.JB2,.eps]
(grfext)             \AppendGraphicsExtensions on input line 456.

(/usr/share/texlive/texmf-dist/tex/latex/latexconfig/epstopdf-sys.cfg
File: epstopdf-sys.cfg 2010/07/13 v1.3 Configuration of (r)epstopdf for TeX Liv
e
))
(/usr/share/texlive/texmf-dist/tex/latex/oberdiek/pdflscape.sty
Package: pdflscape 2016/05/14 v0.11 Display of landscape pages in PDF (HO)

(/usr/share/texlive/texmf-dist/tex/latex/graphics/lscape.sty
Package: lscape 2000/10/22 v3.01 Landscape Pages (DPC)
)
Package pdflscape Info: Auto-detected driver: pdftex on input line 81.
)
*geometry* driver: auto-detecting
*geometry* detected driver: pdftex
*geometry* verbose mode - [ preamble ] result:
* driver: pdftex
* paper: a4paper
* layout: <same size as paper>
* layoutoffset:(h,v)=(0.0pt,0.0pt)
* modes: 
* h-part:(L,W,R)=(71.13188pt, 455.24411pt, 71.13188pt)
* v-part:(T,H,B)=(71.13188pt, 702.78308pt, 71.13188pt)
* \paperwidth=597.50787pt
* \paperheight=845.04684pt
* \textwidth=455.24411pt
* \textheight=702.78308pt
* \oddsidemargin=-1.1381pt
* \evensidemargin=-1.1381pt
* \topmargin=-33.42973pt
* \headheight=12.0pt
* \headsep=20.29163pt
* \topskip=13.3846pt
* \footskip=51.53868pt
* \marginparwidth=20.0pt
* \marginparsep=10.0pt
* \columnsep=12.0pt
* \skip\footins=12.04605pt plus 5.35374pt minus 2.67686pt
* \hoffset=0.0pt
* \voffset=0.0pt
* \mag=1000
* \@twocolumntrue
* \@twosidefalse
* \@mparswitchfalse
* \@reversemarginfalse
* (1in=72.27pt=25.4mm, 1cm=28.453pt)

\c@lstlisting=\count321
Package hyperref Info: Link coloring OFF on input line 40.
(/usr/share/texlive/texmf-dist/tex/latex/hyperref/nameref.sty
Package: nameref 2016/05/21 v2.44 Cross-referencing by name of section

(/usr/share/texlive/texmf-dist/tex/generic/oberdiek/gettitlestring.sty
Package: gettitlestring 2016/05/16 v1.5 Cleanup title references (HO)
)
\c@section@level=\count322
)
LaTeX Info: Redefining \ref on input line 40.
LaTeX Info: Redefining \pageref on input line 40.
LaTeX Info: Redefining \nameref on input line 40.

(./document.out) (./document.out)
\@outlinefile=\write4
\openout4 = `document.out'.

 ABD: EveryShipout initializing macros
Underfull \hbox (badness 7869) in paragraph at lines 43--45
\OT1/ptm/b/n/10 Sono state in-oltre im-ple-men-tate delle fun-
 []

Package svg Info: Last page of `./svg-inkscape/Numberlink_puzzle_svg-tex.pdf' i
s 1 on input line 55.
(./svg-inkscape/Numberlink_puzzle_svg-tex.pdf_tex
<./svg-inkscape/Numberlink_puzzle_svg-tex.pdf, id=24, page=1, 319.1925pt x 319.
1925pt>
File: ./svg-inkscape/Numberlink_puzzle_svg-tex.pdf Graphic file (type pdf)
<use ./svg-inkscape/Numberlink_puzzle_svg-tex.pdf, page 1>
Package pdftex.def Info: ./svg-inkscape/Numberlink_puzzle_svg-tex.pdf , page1 u
sed on input line 56.
(pdftex.def)             Requested size: 88.64746pt x 88.64758pt.
LaTeX Font Info:    Calculating math sizes for size <11> on input line 57.
LaTeX Font Info:    Try loading font information for U+msa on input line 57.

(/usr/share/texlive/texmf-dist/tex/latex/amsfonts/umsa.fd
File: umsa.fd 2013/01/14 v3.01 AMS symbols A
)
LaTeX Font Info:    Try loading font information for U+msb on input line 57.

(/usr/share/texlive/texmf-dist/tex/latex/amsfonts/umsb.fd
File: umsb.fd 2013/01/14 v3.01 AMS symbols B
))
Package svg Info: Last page of `./svg-inkscape/Rightarrow_svg-tex.pdf' is 1 on 
input line 56.

(./svg-inkscape/Rightarrow_svg-tex.pdf_tex
<./svg-inkscape/Rightarrow_svg-tex.pdf, id=26, page=1, 327.04112pt x 1205.62921
pt>
File: ./svg-inkscape/Rightarrow_svg-tex.pdf Graphic file (type pdf)
<use ./svg-inkscape/Rightarrow_svg-tex.pdf, page 1>
Package pdftex.def Info: ./svg-inkscape/Rightarrow_svg-tex.pdf , page1 used on 
input line 56.
(pdftex.def)             Requested size: 13.29677pt x 49.008pt.
)
Package svg Info: Last page of `./svg-inkscape/Numberlink_puzzle_solution_svg-t
ex.pdf' is 1 on input line 57.

(./svg-inkscape/Numberlink_puzzle_solution_svg-tex.pdf_tex
<./svg-inkscape/Numberlink_puzzle_solution_svg-tex.pdf, id=28, page=1, 319.1925
pt x 319.1925pt>
File: ./svg-inkscape/Numberlink_puzzle_solution_svg-tex.pdf Graphic file (type 
pdf)
<use ./svg-inkscape/Numberlink_puzzle_solution_svg-tex.pdf, page 1>
Package pdftex.def Info: ./svg-inkscape/Numberlink_puzzle_solution_svg-tex.pdf 
, page1 used on input line 56.
(pdftex.def)             Requested size: 88.64746pt x 88.64758pt.
)
Package svg Info: Last page of `./svg-inkscape/npaths_svg-tex.pdf' is 1 on inpu
t line 86.

(./svg-inkscape/npaths_svg-tex.pdf_tex
<./svg-inkscape/npaths_svg-tex.pdf, id=32, page=1, 552.04602pt x 552.04602pt>
File: ./svg-inkscape/npaths_svg-tex.pdf Graphic file (type pdf)
<use ./svg-inkscape/npaths_svg-tex.pdf, page 1>
Package pdftex.def Info: ./svg-inkscape/npaths_svg-tex.pdf , page1 used on inpu
t line 56.
(pdftex.def)             Requested size: 110.81102pt x 110.81157pt.
)
Package svg Info: Last page of `./svg-inkscape/tree1_svg-tex.pdf' is 1 on input
 line 95.
 (./svg-inkscape/tree1_svg-tex.pdf_tex
<./svg-inkscape/tree1_svg-tex.pdf, id=34, page=1, 316.18124pt x 316.18124pt>
File: ./svg-inkscape/tree1_svg-tex.pdf Graphic file (type pdf)
<use ./svg-inkscape/tree1_svg-tex.pdf, page 1>
Package pdftex.def Info: ./svg-inkscape/tree1_svg-tex.pdf , page1 used on input
 line 56.
(pdftex.def)             Requested size: 177.29831pt x 177.30151pt.
)
[1{/var/lib/texmf/fonts/map/pdftex/updmap/pdftex.map}


 <./svg-inkscape/Numberlink_puzzle_svg-tex.pdf> <./svg-inkscape/Rightarrow_svg-
tex.pdf

pdfTeX warning: /usr/bin/pdflatex (file ./svg-inkscape/Rightarrow_svg-tex.pdf):
 PDF inclusion: multiple pdfs with page group included in a single page
> <./svg-inkscape/Numberlink_puzzle_solution_svg-tex.pdf

pdfTeX warning: /usr/bin/pdflatex (file ./svg-inkscape/Numberlink_puzzle_soluti
on_svg-tex.pdf): PDF inclusion: multiple pdfs with page group included in a sin
gle page
> <./svg-inkscape/npaths_svg-tex.pdf

pdfTeX warning: /usr/bin/pdflatex (file ./svg-inkscape/npaths_svg-tex.pdf): PDF
 inclusion: multiple pdfs with page group included in a single page
> <./svg-inkscape/tree1_svg-tex.pdf

pdfTeX warning: /usr/bin/pdflatex (file ./svg-inkscape/tree1_svg-tex.pdf): PDF 
inclusion: multiple pdfs with page group included in a single page
>]
Underfull \hbox (badness 10000) in paragraph at lines 107--108
[]\OT1/ptm/m/n/11 Nell'\OT1/ptm/m/it/11 Appendice A \OT1/ptm/m/n/11 vie-ne mo-s
tra-to co-me
 []


Underfull \hbox (badness 10000) in paragraph at lines 107--108

 []

Package svg Info: Last page of `./svg-inkscape/giacomo_svg-tex.pdf' is 2 on inp
ut line 121.
(./svg-inkscape/giacomo_svg-tex.pdf_tex
<./svg-inkscape/giacomo_svg-tex.pdf, id=56, page=1, 319.1925pt x 256.19398pt>
File: ./svg-inkscape/giacomo_svg-tex.pdf Graphic file (type pdf)
<use ./svg-inkscape/giacomo_svg-tex.pdf, page 1>
Package pdftex.def Info: ./svg-inkscape/giacomo_svg-tex.pdf , page1 used on inp
ut line 56.
(pdftex.def)             Requested size: 88.64746pt x 71.15135pt.
<./svg-inkscape/giacomo_svg-tex.pdf, id=57, page=2, 319.1925pt x 256.19398pt>
File: ./svg-inkscape/giacomo_svg-tex.pdf Graphic file (type pdf)
<use ./svg-inkscape/giacomo_svg-tex.pdf, page 2>
Package pdftex.def Info: ./svg-inkscape/giacomo_svg-tex.pdf , page2 used on inp
ut line 63.
(pdftex.def)             Requested size: 88.64746pt x 71.15135pt.
)
Package svg Info: Last page of `./svg-inkscape/pcontrol1_svg-tex.pdf' is 2 on i
nput line 131.

(./svg-inkscape/pcontrol1_svg-tex.pdf_tex
<./svg-inkscape/pcontrol1_svg-tex.pdf, id=59, page=1, 319.1925pt x 274.02374pt>

File: ./svg-inkscape/pcontrol1_svg-tex.pdf Graphic file (type pdf)
<use ./svg-inkscape/pcontrol1_svg-tex.pdf, page 1>
Package pdftex.def Info: ./svg-inkscape/pcontrol1_svg-tex.pdf , page1 used on i
nput line 56.
(pdftex.def)             Requested size: 132.97458pt x 114.15675pt.
<./svg-inkscape/pcontrol1_svg-tex.pdf, id=60, page=2, 319.1925pt x 274.02374pt>

File: ./svg-inkscape/pcontrol1_svg-tex.pdf Graphic file (type pdf)
<use ./svg-inkscape/pcontrol1_svg-tex.pdf, page 2>
Package pdftex.def Info: ./svg-inkscape/pcontrol1_svg-tex.pdf , page2 used on i
nput line 63.
(pdftex.def)             Requested size: 132.97458pt x 114.15675pt.
)
Package svg Info: Last page of `./svg-inkscape/pcontrol2_svg-tex.pdf' is 2 on i
nput line 139.

(./svg-inkscape/pcontrol2_svg-tex.pdf_tex
<./svg-inkscape/pcontrol2_svg-tex.pdf, id=62, page=1, 319.1925pt x 274.02374pt>

File: ./svg-inkscape/pcontrol2_svg-tex.pdf Graphic file (type pdf)
<use ./svg-inkscape/pcontrol2_svg-tex.pdf, page 1>
Package pdftex.def Info: ./svg-inkscape/pcontrol2_svg-tex.pdf , page1 used on i
nput line 56.
(pdftex.def)             Requested size: 132.97458pt x 114.15675pt.
<./svg-inkscape/pcontrol2_svg-tex.pdf, id=63, page=2, 319.1925pt x 274.02374pt>

File: ./svg-inkscape/pcontrol2_svg-tex.pdf Graphic file (type pdf)
<use ./svg-inkscape/pcontrol2_svg-tex.pdf, page 2>
Package pdftex.def Info: ./svg-inkscape/pcontrol2_svg-tex.pdf , page2 used on i
nput line 72.
(pdftex.def)             Requested size: 132.97458pt x 114.15675pt.
)
Package svg Info: Last page of `./svg-inkscape/pcontrol3_svg-tex.pdf' is 2 on i
nput line 145.

(./svg-inkscape/pcontrol3_svg-tex.pdf_tex
<./svg-inkscape/pcontrol3_svg-tex.pdf, id=65, page=1, 319.1925pt x 274.02374pt>

File: ./svg-inkscape/pcontrol3_svg-tex.pdf Graphic file (type pdf)
<use ./svg-inkscape/pcontrol3_svg-tex.pdf, page 1>
Package pdftex.def Info: ./svg-inkscape/pcontrol3_svg-tex.pdf , page1 used on i
nput line 56.
(pdftex.def)             Requested size: 132.97458pt x 114.15675pt.
<./svg-inkscape/pcontrol3_svg-tex.pdf, id=66, page=2, 319.1925pt x 274.02374pt>

File: ./svg-inkscape/pcontrol3_svg-tex.pdf Graphic file (type pdf)
<use ./svg-inkscape/pcontrol3_svg-tex.pdf, page 2>
Package pdftex.def Info: ./svg-inkscape/pcontrol3_svg-tex.pdf , page2 used on i
nput line 72.
(pdftex.def)             Requested size: 132.97458pt x 114.15675pt.
)
Underfull \hbox (badness 10000) in paragraph at lines 141--148

 []

[2 <./svg-inkscape/giacomo_svg-tex.pdf> <./svg-inkscape/giacomo_svg-tex.pdf

pdfTeX warning: /usr/bin/pdflatex (file ./svg-inkscape/giacomo_svg-tex.pdf): PD
F inclusion: multiple pdfs with page group included in a single page
> <./svg-inkscape/pcontrol1_svg-tex.pdf

pdfTeX warning: /usr/bin/pdflatex (file ./svg-inkscape/pcontrol1_svg-tex.pdf): 
PDF inclusion: multiple pdfs with page group included in a single page
> <./svg-inkscape/pcontrol1_svg-tex.pdf

pdfTeX warning: /usr/bin/pdflatex (file ./svg-inkscape/pcontrol1_svg-tex.pdf): 
PDF inclusion: multiple pdfs with page group included in a single page
> <./svg-inkscape/pcontrol2_svg-tex.pdf

pdfTeX warning: /usr/bin/pdflatex (file ./svg-inkscape/pcontrol2_svg-tex.pdf): 
PDF inclusion: multiple pdfs with page group included in a single page
> <./svg-inkscape/pcontrol2_svg-tex.pdf

pdfTeX warning: /usr/bin/pdflatex (file ./svg-inkscape/pcontrol2_svg-tex.pdf): 
PDF inclusion: multiple pdfs with page group included in a single page
> <./svg-inkscape/pcontrol3_svg-tex.pdf

pdfTeX warning: /usr/bin/pdflatex (file ./svg-inkscape/pcontrol3_svg-tex.pdf): 
PDF inclusion: multiple pdfs with page group included in a single page
> <./svg-inkscape/pcontrol3_svg-tex.pdf

pdfTeX warning: /usr/bin/pdflatex (file ./svg-inkscape/pcontrol3_svg-tex.pdf): 
PDF inclusion: multiple pdfs with page group included in a single page
>]
LaTeX Font Info:    Try loading font information for OT1+pcr on input line 164.

 (/usr/share/texlive/texmf-dist/tex/latex/psnfss/ot1pcr.fd
File: ot1pcr.fd 2001/06/04 font definitions for OT1/pcr.
)
LaTeX Font Info:    Font shape `OT1/pcr/bx/n' in size <11> not available
(Font)              Font shape `OT1/pcr/b/n' tried instead on input line 164.
Package svg Info: Last page of `./svg-inkscape/pgrid1_svg-tex.pdf' is 1 on inpu
t line 170.

(./svg-inkscape/pgrid1_svg-tex.pdf_tex
<./svg-inkscape/pgrid1_svg-tex.pdf, id=85, page=1, 380.38823pt x 380.38823pt>
File: ./svg-inkscape/pgrid1_svg-tex.pdf Graphic file (type pdf)
<use ./svg-inkscape/pgrid1_svg-tex.pdf, page 1>
Package pdftex.def Info: ./svg-inkscape/pgrid1_svg-tex.pdf , page1 used on inpu
t line 56.
(pdftex.def)             Requested size: 77.56906pt x 77.56798pt.
)
Package svg Info: Last page of `./svg-inkscape/Downarrow_svg-tex.pdf' is 1 on i
nput line 176.

(./svg-inkscape/Downarrow_svg-tex.pdf_tex
<./svg-inkscape/Downarrow_svg-tex.pdf, id=87, page=1, 376.40625pt x 451.6875pt>

File: ./svg-inkscape/Downarrow_svg-tex.pdf Graphic file (type pdf)
<use ./svg-inkscape/Downarrow_svg-tex.pdf, page 1>
Package pdftex.def Info: ./svg-inkscape/Downarrow_svg-tex.pdf , page1 used on i
nput line 56.
(pdftex.def)             Requested size: 6.64838pt x 7.97426pt.
)
Package svg Info: Last page of `./svg-inkscape/pgrid2_svg-tex.pdf' is 1 on inpu
t line 182.

(./svg-inkscape/pgrid2_svg-tex.pdf_tex
<./svg-inkscape/pgrid2_svg-tex.pdf, id=89, page=1, 275.25336pt x 23.19664pt>
File: ./svg-inkscape/pgrid2_svg-tex.pdf Graphic file (type pdf)
<use ./svg-inkscape/pgrid2_svg-tex.pdf, page 1>
Package pdftex.def Info: ./svg-inkscape/pgrid2_svg-tex.pdf , page1 used on inpu
t line 56.
(pdftex.def)             Requested size: 132.97458pt x 11.2061pt.
)
Underfull \hbox (badness 10000) in paragraph at lines 164--184
\OT1/ptm/m/n/11 Le cel-le li-be-re ven-go-no sal-va-te con
 []


Underfull \hbox (badness 2158) in paragraph at lines 164--184
\OT1/ptm/m/n/11 Una gri-glia co-strui-ta in tal mo-do per[]o
 []


Underfull \hbox (badness 10000) in paragraph at lines 164--184
\OT1/ptm/m/n/11 l'e-se-cu-zio-ne del-l'al-go-rit-mo si po-treb-be
 []


Underfull \hbox (badness 10000) in paragraph at lines 164--184

 []


Underfull \hbox (badness 10000) in paragraph at lines 185--187

 []


Underfull \hbox (badness 4467) in paragraph at lines 188--189
\OT1/ptm/m/n/11 to-ta-le del-le cop-pie, i re-stan-ti in-di-ca-no
 []


Underfull \hbox (badness 1953) in paragraph at lines 188--189
\OT1/ptm/m/n/11 la stam-pa), ma so-pra-tut-to per di-re al-la
 []


Underfull \hbox (badness 10000) in paragraph at lines 188--189

 []


Underfull \hbox (badness 2435) in paragraph at lines 190--192
\OT1/ptm/m/n/11 al-le in-for-ma-zio-ni den-tro que-sti ar-ray, []e
 []


Underfull \hbox (badness 10000) in paragraph at lines 190--192

 []


Underfull \hbox (badness 6725) in paragraph at lines 196--198
\OT1/ptm/m/n/11 le strut-tu-re di con-trol-lo, im-po-sta-re le
 []


Underfull \hbox (badness 6380) in paragraph at lines 196--198
\OT1/ptm/m/n/11 va-ria-bi-li \OT1/pcr/m/n/11 numerosoluzioni \OT1/ptm/m/n/11 a 
'0' e
 []


Underfull \hbox (badness 2326) in paragraph at lines 196--198
\OT1/pcr/m/n/11 cursorecoppia \OT1/ptm/m/n/11 a '-1', in par-ti-co-la-re
 []


Underfull \hbox (badness 1389) in paragraph at lines 196--198
\OT1/ptm/m/n/11 que-st'ul-ti-ma fun-ge da in-di-ce per l'ar-ray
 []


Underfull \hbox (badness 10000) in paragraph at lines 196--198
\OT1/ptm/m/n/11 del-le cop-pie \OT1/pcr/b/n/11 pcoppie \OT1/ptm/m/n/11 ogni vol
-ta
 []


Underfull \hbox (badness 10000) in paragraph at lines 196--198
\OT1/ptm/m/n/11 bi-so-gna cam-bia-re cop-pia al-l'in-ter-no
 []


Overfull \hbox (11.42778pt too wide) in paragraph at lines 196--198
\OT1/pcr/m/n/11 flow_inizializzaprossimacoppia() 
 []


Underfull \hbox (badness 10000) in paragraph at lines 196--198

 []


Overfull \hbox (11.42778pt too wide) in paragraph at lines 198--199
[]\OT1/pcr/b/n/11 flow_inizializzaprossimacoppia()
 []


Underfull \hbox (badness 10000) in paragraph at lines 198--199
\OT1/ptm/m/n/11 Quan-do vie-ne chia-ma-ta da
 []


Underfull \hbox (badness 10000) in paragraph at lines 198--199
\OT1/pcr/m/n/11 flow_risolutore() \OT1/ptm/m/n/11 ed ogni vol-ta
 []


Underfull \hbox (badness 10000) in paragraph at lines 198--199
\OT1/ptm/m/n/11 lan-cia-ta que-sta fun-zio-ne che ag-gior-na
 []

[3 <./svg-inkscape/pgrid1_svg-tex.pdf> <./svg-inkscape/Downarrow_svg-tex.pdf

pdfTeX warning: /usr/bin/pdflatex (file ./svg-inkscape/Downarrow_svg-tex.pdf): 
PDF inclusion: multiple pdfs with page group included in a single page
> <./svg-inkscape/pgrid2_svg-tex.pdf

pdfTeX warning: /usr/bin/pdflatex (file ./svg-inkscape/pgrid2_svg-tex.pdf): PDF
 inclusion: multiple pdfs with page group included in a single page
>]
LaTeX Font Info:    Font shape `OT1/pcr/bx/n' in size <12> not available
(Font)              Font shape `OT1/pcr/b/n' tried instead on input line 200.
LaTeX Font Info:    Try loading font information for OMS+ptm on input line 204.

 (/usr/share/texlive/texmf-dist/tex/latex/psnfss/omsptm.fd
File: omsptm.fd 
)
LaTeX Font Info:    Font shape `OMS/ptm/m/n' in size <10> not available
(Font)              Font shape `OMS/cmsy/m/n' tried instead on input line 204.
LaTeX Font Info:    Font shape `OMS/ptm/m/n' in size <11> not available
(Font)              Font shape `OMS/cmsy/m/n' tried instead on input line 213.

Underfull \hbox (badness 10000) in paragraph at lines 200--220
\OT1/ptm/m/n/11 bi-so-gna ag-gior-na-re le strut-tu-re di
 []


Underfull \hbox (badness 10000) in paragraph at lines 200--220

 []


Overfull \hbox (12.88394pt too wide) in paragraph at lines 221--228
\OT1/ptm/m/n/10 flow[]trovapercorsi(*(pcoppie+cursorecoppia)$\OMS/cmsy/m/n/10 ^
^@$\OT1/ptm/m/n/10 riga); 
 []


Overfull \hbox (10.74603pt too wide) in paragraph at lines 221--228
\OT1/ptm/m/n/10 flow[]trovapercorsi(*(pcoppie+cursorecoppia)+riga); 
 []


Underfull \hbox (badness 3219) in paragraph at lines 221--228
\OT1/ptm/m/n/11 da-ti i per-cor-si del-le cop-pie pre-ce-den-ti,
 []


Overfull \hbox (4.82779pt too wide) in paragraph at lines 234--244
[][]
 []


Underfull \hbox (badness 5817) in paragraph at lines 234--244
\OT1/ptm/m/n/11 ve-ri-fi-ca-to so-lo do-po aver chia-ma-to la
 []


Underfull \hbox (badness 3907) in paragraph at lines 234--244
\OT1/ptm/m/n/11 fun-zio-ne ri-cor-si-va in ta-le cel-la, quin-di
 []


Underfull \hbox (badness 2165) in paragraph at lines 234--244
\OT1/ptm/m/n/11 oc-cu-pa-ta o quel-la che si sta cer-can-do:
 []


Underfull \hbox (badness 10000) in paragraph at lines 234--244

 []

[4]
LaTeX Font Info:    Try loading font information for OMS+pcr on input line 273.

 (/usr/share/texlive/texmf-dist/tex/latex/psnfss/omspcr.fd
File: omspcr.fd 
)
LaTeX Font Info:    Font shape `OMS/pcr/m/n' in size <10> not available
(Font)              Font shape `OMS/cmsy/m/n' tried instead on input line 273.

Underfull \hbox (badness 10000) in paragraph at lines 270--277
\OT1/pcr/b/n/11 flow_game_start(int base, int
 []


Underfull \hbox (badness 2744) in paragraph at lines 270--277
\OT1/ptm/m/n/11 ri-generate le po-si-zio-ni del-le cop-pie fi-no a
 []


Underfull \hbox (badness 6332) in paragraph at lines 270--277
\OT1/ptm/m/n/11 quan-do non vie-ne tro-va-to un puzz-le con
 []


Underfull \hbox (badness 4403) in paragraph at lines 278--296
[]\OT1/ptm/m/n/11 e sta-to 650 se-con-di), inol-tre l'in-tro-du-zio-ne
 []


Underfull \hbox (badness 1609) in paragraph at lines 278--296
\OT1/ptm/m/n/11 tem-pi di ese-cu-zio-ne. Per ave-re una idea di
 []


Overfull \hbox (13.35019pt too wide) in paragraph at lines 278--296
|  [] 
 []


Underfull \hbox (badness 10000) in paragraph at lines 278--296
\OT1/ptm/m/n/11 Sarebbe pos-si-bi-le mi-glio-ra-re ul-te-rior-men-te
 []


Underfull \hbox (badness 4531) in paragraph at lines 278--296
\OT1/ptm/m/n/11 in-tro-dur-re al-go-rit-mi eu-ri-sti-ci che po-treb-be-ro
 []

[5]
LaTeX Font Info:    Font shape `OT1/ptm/bx/sc' in size <11> not available
(Font)              Font shape `OT1/ptm/b/sc' tried instead on input line 299.
<../svgs/algsbs/percorsipdf.pdf, id=117, 614.295pt x 794.97pt>
File: ../svgs/algsbs/percorsipdf.pdf Graphic file (type pdf)
<use ../svgs/algsbs/percorsipdf.pdf>
Package pdftex.def Info: ../svgs/algsbs/percorsipdf.pdf  used on input line 300
.
(pdftex.def)             Requested size: 614.29349pt x 794.96806pt.
File: ../svgs/algsbs/percorsipdf.pdf Graphic file (type pdf)
<use ../svgs/algsbs/percorsipdf.pdf>
Package pdftex.def Info: ../svgs/algsbs/percorsipdf.pdf  used on input line 300
.
(pdftex.def)             Requested size: 614.29349pt x 794.96806pt.
<../svgs/algsbs/percorsipdf.pdf, id=120, page=1, 614.295pt x 794.97pt>
File: ../svgs/algsbs/percorsipdf.pdf Graphic file (type pdf)
<use ../svgs/algsbs/percorsipdf.pdf, page 1>
Package pdftex.def Info: ../svgs/algsbs/percorsipdf.pdf , page1 used on input l
ine 300.
(pdftex.def)             Requested size: 614.29349pt x 794.96806pt.
File: ../svgs/algsbs/percorsipdf.pdf Graphic file (type pdf)
<use ../svgs/algsbs/percorsipdf.pdf, page 1>
Package pdftex.def Info: ../svgs/algsbs/percorsipdf.pdf , page1 used on input l
ine 300.
(pdftex.def)             Requested size: 614.29349pt x 794.96806pt.
File: ../svgs/algsbs/percorsipdf.pdf Graphic file (type pdf)
<use ../svgs/algsbs/percorsipdf.pdf, page 1>
Package pdftex.def Info: ../svgs/algsbs/percorsipdf.pdf , page1 used on input l
ine 300.
(pdftex.def)             Requested size: 614.29349pt x 794.96806pt.
File: ../svgs/algsbs/percorsipdf.pdf Graphic file (type pdf)
<use ../svgs/algsbs/percorsipdf.pdf, page 1>
Package pdftex.def Info: ../svgs/algsbs/percorsipdf.pdf , page1 used on input l
ine 300.
(pdftex.def)             Requested size: 614.29349pt x 794.96806pt.
File: ../svgs/algsbs/percorsipdf.pdf Graphic file (type pdf)
<use ../svgs/algsbs/percorsipdf.pdf, page 1>
Package pdftex.def Info: ../svgs/algsbs/percorsipdf.pdf , page1 used on input l
ine 300.
(pdftex.def)             Requested size: 614.29349pt x 794.96806pt.
 [6

 <../svgs/algsbs/percorsipdf.pdf>]
Package atveryend Info: Empty hook `BeforeClearDocument' on input line 304.
Package atveryend Info: Empty hook `AfterLastShipout' on input line 304.
 (./document.aux)
Package atveryend Info: Executing hook `AtVeryEndDocument' on input line 304.
Package atveryend Info: Executing hook `AtEndAfterFileList' on input line 304.
Package rerunfilecheck Info: File `document.out' has not changed.
(rerunfilecheck)             Checksum: C28BF3AB6AE82D81DA618D4566B339A9;203.
 ) 
Here is how much of TeX's memory you used:
 29686 strings out of 493971
 544044 string characters out of 6160791
 722010 words of memory out of 5000000
 32882 multiletter control sequences out of 15000+600000
 581181 words of font info for 129 fonts, out of 8000000 for 9000
 350 hyphenation exceptions out of 8191
 55i,19n,63p,792b,606s stack positions out of 5000i,500n,10000p,200000b,80000s
{/usr/share/texlive/texmf-dist/fonts/enc/dvips/base/8r.enc}</usr/share/texliv
e/texmf-dist/fonts/type1/public/amsfonts/cm/cmmi10.pfb></usr/share/texlive/texm
f-dist/fonts/type1/public/amsfonts/cm/cmsy10.pfb></usr/share/texlive/texmf-dist
/fonts/type1/public/amsfonts/cm/cmsy8.pfb></usr/share/texlive/texmf-dist/fonts/
type1/public/amsfonts/latxfont/line10.pfb></usr/share/texlive/texmf-dist/fonts/
type1/urw/courier/ucrb8a.pfb></usr/share/texlive/texmf-dist/fonts/type1/urw/cou
rier/ucrr8a.pfb></usr/share/texlive/texmf-dist/fonts/type1/urw/times/utmb8a.pfb
></usr/share/texlive/texmf-dist/fonts/type1/urw/times/utmbi8a.pfb></usr/share/t
exlive/texmf-dist/fonts/type1/urw/times/utmr8a.pfb></usr/share/texlive/texmf-di
st/fonts/type1/urw/times/utmri8a.pfb>
Output written on document.pdf (6 pages, 185069 bytes).
PDF statistics:
 177 PDF objects out of 1000 (max. 8388607)
 123 compressed objects within 2 object streams
 31 named destinations out of 1000 (max. 500000)
 205 words of extra memory for PDF output out of 10000 (max. 10000000)

